<?xml version='1.0' encoding='UTF-8'?>
<testsuite hostname="MSI" name="LexerTests" tests="9" errors="0" failures="1" skipped="0" time="0.196" timestamp="2023-04-29T22:25:51">
          <properties>
[...]
</properties>
          <testcase classname="LexerTests" name="Test lexer: simple concat (2p)" time="0.082">
                      
                    </testcase><testcase classname="LexerTests" name="Test lexer: simple union (2p)" time="0.009">
                      
                    </testcase><testcase classname="LexerTests" name="Test lexer: space and zeros char (5p)" time="0.007">
                      
                    </testcase><testcase classname="LexerTests" name="Test lexer: space and zeros char (5p)-1" time="0.007">
                      
                    </testcase><testcase classname="LexerTests" name="Test lexer: ones and twos char (8p)" time="0.022">
                      
                    </testcase><testcase classname="LexerTests" name="Test lexer: plus and star char (8p)" time="0.013">
                      
                    </testcase><testcase classname="LexerTests" name="Test lexer: whitespaces char (10p)" time="0.029">
                      
                    </testcase><testcase classname="LexerTests" name="Test lexer: abcd diverse char (10p)" time="0.025">
                      
                    </testcase><testcase classname="LexerTests" name="expected error running tests" time="0.002">
                      <failure type="java.lang.StackOverflowError">java.lang.StackOverflowError
	at scala.runtime.Statics.anyHash(Statics.java:127)
	at scala.util.hashing.MurmurHash3.productHash(MurmurHash3.scala:76)
	at scala.util.hashing.MurmurHash3$.productHash(MurmurHash3.scala:343)
	at scala.Tuple3.hashCode(Tuple3.scala:25)
	at scala.runtime.Statics.anyHash(Statics.java:127)
	at scala.collection.mutable.HashSet.add(HashSet.scala:69)
	at scala.collection.mutable.HashSet.addOne(HashSet.scala:348)
	at scala.collection.mutable.HashSet.addOne(HashSet.scala:31)
	at scala.collection.mutable.GrowableBuilder.addOne(GrowableBuilder.scala:32)
	at scala.collection.mutable.GrowableBuilder.addOne(GrowableBuilder.scala:25)
	at scala.collection.StrictOptimizedIterableOps.filterImpl(StrictOptimizedIterableOps.scala:228)
	at scala.collection.StrictOptimizedIterableOps.filterImpl$(StrictOptimizedIterableOps.scala:222)
	at scala.collection.mutable.HashSet.filterImpl(HashSet.scala:31)
	at scala.collection.StrictOptimizedIterableOps.filter(StrictOptimizedIterableOps.scala:218)
	at scala.collection.StrictOptimizedIterableOps.filter$(StrictOptimizedIterableOps.scala:218)
	at scala.collection.mutable.HashSet.filter(HashSet.scala:31)
	at Lexer.epsInchidere(Lexer.scala:10)
	at Lexer.$anonfun$epsInchidere$2(Lexer.scala:15)
	at scala.collection.IterableOnceOps.foldLeft(IterableOnce.scala:646)
	at scala.collection.IterableOnceOps.foldLeft$(IterableOnce.scala:642)
	at scala.collection.AbstractIterable.foldLeft(Iterable.scala:926)
	at Lexer.epsInchidere(Lexer.scala:15)
	at Lexer.$anonfun$epsInchidere$2(Lexer.scala:15)
	at scala.collection.IterableOnceOps.foldLeft(IterableOnce.scala:646)
	at scala.collection.IterableOnceOps.foldLeft$(IterableOnce.scala:642)
	at scala.collection.AbstractIterable.foldLeft(Iterable.scala:926)
	at Lexer.epsInchidere(Lexer.scala:15)
	at Lexer.$anonfun$epsInchidere$2(Lexer.scala:15)
	at scala.collection.IterableOnceOps.foldLeft(IterableOnce.scala:646)
	at scala.collection.IterableOnceOps.foldLeft$(IterableOnce.scala:642)
	at scala.collection.AbstractIterable.foldLeft(Iterable.scala:926)
	at Lexer.epsInchidere(Lexer.scala:15)
	at Lexer.$anonfun$epsInchidere$2(Lexer.scala:15)
	at scala.collection.IterableOnceOps.foldLeft(IterableOnce.scala:646)
	at scala.collection.IterableOnceOps.foldLeft$(IterableOnce.scala:642)
	at scala.collection.AbstractIterable.foldLeft(Iterable.scala:926)
	at Lexer.epsInchidere(Lexer.scala:15)
	at Lexer.$anonfun$epsInchidere$2(Lexer.scala:15)
	at scala.collection.IterableOnceOps.foldLeft(IterableOnce.scala:646)
	at scala.collection.IterableOnceOps.foldLeft$(IterableOnce.scala:642)
	at scala.collection.AbstractIterable.foldLeft(Iterable.scala:926)
	at Lexer.epsInchidere(Lexer.scala:15)
	at Lexer.$anonfun$epsInchidere$2(Lexer.scala:15)
	at scala.collection.IterableOnceOps.foldLeft(IterableOnce.scala:646)
	at scala.collection.IterableOnceOps.foldLeft$(IterableOnce.scala:642)
	at scala.collection.AbstractIterable.foldLeft(Iterable.scala:926)
	at Lexer.epsInchidere(Lexer.scala:15)
	at Lexer.$anonfun$epsInchidere$2(Lexer.scala:15)
	at scala.collection.IterableOnceOps.foldLeft(IterableOnce.scala:646)
	at scala.collection.IterableOnceOps.foldLeft$(IterableOnce.scala:642)
	at scala.collection.AbstractIterable.foldLeft(Iterable.scala:926)
	at Lexer.epsInchidere(Lexer.scala:15)
	at Lexer.$anonfun$epsInchidere$2(Lexer.scala:15)
	at scala.collection.IterableOnceOps.foldLeft(IterableOnce.scala:646)
	at scala.collection.IterableOnceOps.foldLeft$(IterableOnce.scala:642)
	at scala.collection.AbstractIterable.foldLeft(Iterable.scala:926)
	at Lexer.epsInchidere(Lexer.scala:15)
	at Lexer.$anonfun$epsInchidere$2(Lexer.scala:15)
	at scala.collection.IterableOnceOps.foldLeft(IterableOnce.scala:646)
	at scala.collection.IterableOnceOps.foldLeft$(IterableOnce.scala:642)
	at scala.collection.AbstractIterable.foldLeft(Iterable.scala:926)
	at Lexer.epsInchidere(Lexer.scala:15)
	at Lexer.$anonfun$epsInchidere$2(Lexer.scala:15)
	at scala.collection.IterableOnceOps.foldLeft(IterableOnce.scala:646)
	at scala.collection.IterableOnceOps.foldLeft$(IterableOnce.scala:642)
	at scala.collection.AbstractIterable.foldLeft(Iterable.scala:926)
	at Lexer.epsInchidere(Lexer.scala:15)
	at Lexer.$anonfun$epsInchidere$2(Lexer.scala:15)
	at scala.collection.IterableOnceOps.foldLeft(IterableOnce.scala:646)
	at scala.collection.IterableOnceOps.foldLeft$(IterableOnce.scala:642)
	at scala.collection.AbstractIterable.foldLeft(Iterable.scala:926)
	at Lexer.epsInchidere(Lexer.scala:15)
	at Lexer.$anonfun$epsInchidere$2(Lexer.scala:15)
	at scala.collection.IterableOnceOps.foldLeft(IterableOnce.scala:646)
	at scala.collection.IterableOnceOps.foldLeft$(IterableOnce.scala:642)
	at scala.collection.AbstractIterable.foldLeft(Iterable.scala:926)
	at Lexer.epsInchidere(Lexer.scala:15)
	at Lexer.$anonfun$epsInchidere$2(Lexer.scala:15)
	at scala.collection.IterableOnceOps.foldLeft(IterableOnce.scala:646)
	at scala.collection.IterableOnceOps.foldLeft$(IterableOnce.scala:642)
	at scala.collection.AbstractIterable.foldLeft(Iterable.scala:926)
	at Lexer.epsInchidere(Lexer.scala:15)
	at Lexer.$anonfun$epsInchidere$2(Lexer.scala:15)
	at scala.collection.IterableOnceOps.foldLeft(IterableOnce.scala:646)
	at scala.collection.IterableOnceOps.foldLeft$(IterableOnce.scala:642)
	at scala.collection.AbstractIterable.foldLeft(Iterable.scala:926)
	at Lexer.epsInchidere(Lexer.scala:15)
	at Lexer.$anonfun$epsInchidere$2(Lexer.scala:15)
	at scala.collection.IterableOnceOps.foldLeft(IterableOnce.scala:646)
	at scala.collection.IterableOnceOps.foldLeft$(IterableOnce.scala:642)
	at scala.collection.AbstractIterable.foldLeft(Iterable.scala:926)
	at Lexer.epsInchidere(Lexer.scala:15)
	at Lexer.$anonfun$epsInchidere$2(Lexer.scala:15)
	at scala.collection.IterableOnceOps.foldLeft(IterableOnce.scala:646)
	at scala.collection.IterableOnceOps.foldLeft$(IterableOnce.scala:642)
	at scala.collection.AbstractIterable.foldLeft(Iterable.scala:926)
	at Lexer.epsInchidere(Lexer.scala:15)
	at Lexer.$anonfun$epsInchidere$2(Lexer.scala:15)
	at scala.collection.IterableOnceOps.foldLeft(IterableOnce.scala:646)
	at scala.collection.IterableOnceOps.foldLeft$(IterableOnce.scala:642)
	at scala.collection.AbstractIterable.foldLeft(Iterable.scala:926)
	at Lexer.epsInchidere(Lexer.scala:15)
	at Lexer.$anonfun$epsInchidere$2(Lexer.scala:15)
	at scala.collection.IterableOnceOps.foldLeft(IterableOnce.scala:646)
	at scala.collection.IterableOnceOps.foldLeft$(IterableOnce.scala:642)
	at scala.collection.AbstractIterable.foldLeft(Iterable.scala:926)
	at Lexer.epsInchidere(Lexer.scala:15)
	at Lexer.$anonfun$epsInchidere$2(Lexer.scala:15)
	at scala.collection.IterableOnceOps.foldLeft(IterableOnce.scala:646)
	at scala.collection.IterableOnceOps.foldLeft$(IterableOnce.scala:642)
	at scala.collection.AbstractIterable.foldLeft(Iterable.scala:926)
	at Lexer.epsInchidere(Lexer.scala:15)
	at Lexer.$anonfun$epsInchidere$2(Lexer.scala:15)
	at scala.collection.IterableOnceOps.foldLeft(IterableOnce.scala:646)
	at scala.collection.IterableOnceOps.foldLeft$(IterableOnce.scala:642)
	at scala.collection.AbstractIterable.foldLeft(Iterable.scala:926)
	at Lexer.epsInchidere(Lexer.scala:15)
	at Lexer.$anonfun$epsInchidere$2(Lexer.scala:15)
	at scala.collection.IterableOnceOps.foldLeft(IterableOnce.scala:646)
	at scala.collection.IterableOnceOps.foldLeft$(IterableOnce.scala:642)
	at scala.collection.AbstractIterable.foldLeft(Iterable.scala:926)
	at Lexer.epsInchidere(Lexer.scala:15)
	at Lexer.$anonfun$epsInchidere$2(Lexer.scala:15)
	at scala.collection.IterableOnceOps.foldLeft(IterableOnce.scala:646)
	at scala.collection.IterableOnceOps.foldLeft$(IterableOnce.scala:642)
	at scala.collection.AbstractIterable.foldLeft(Iterable.scala:926)
	at Lexer.epsInchidere(Lexer.scala:15)
	at Lexer.$anonfun$epsInchidere$2(Lexer.scala:15)
	at scala.collection.IterableOnceOps.foldLeft(IterableOnce.scala:646)
	at scala.collection.IterableOnceOps.foldLeft$(IterableOnce.scala:642)
	at scala.collection.AbstractIterable.foldLeft(Iterable.scala:926)
	at Lexer.epsInchidere(Lexer.scala:15)
	at Lexer.$anonfun$epsInchidere$2(Lexer.scala:15)
	at scala.collection.IterableOnceOps.foldLeft(IterableOnce.scala:646)
	at scala.collection.IterableOnceOps.foldLeft$(IterableOnce.scala:642)
	at scala.collection.AbstractIterable.foldLeft(Iterable.scala:926)
	at Lexer.epsInchidere(Lexer.scala:15)
	at Lexer.$anonfun$epsInchidere$2(Lexer.scala:15)
	at scala.collection.IterableOnceOps.foldLeft(IterableOnce.scala:646)
	at scala.collection.IterableOnceOps.foldLeft$(IterableOnce.scala:642)
	at scala.collection.AbstractIterable.foldLeft(Iterable.scala:926)
	at Lexer.epsInchidere(Lexer.scala:15)
	at Lexer.$anonfun$epsInchidere$2(Lexer.scala:15)
	at scala.collection.IterableOnceOps.foldLeft(IterableOnce.scala:646)
	at scala.collection.IterableOnceOps.foldLeft$(IterableOnce.scala:642)
	at scala.collection.AbstractIterable.foldLeft(Iterable.scala:926)
	at Lexer.epsInchidere(Lexer.scala:15)
	at Lexer.$anonfun$epsInchidere$2(Lexer.scala:15)
	at scala.collection.IterableOnceOps.foldLeft(IterableOnce.scala:646)
	at scala.collection.IterableOnceOps.foldLeft$(IterableOnce.scala:642)
	at scala.collection.AbstractIterable.foldLeft(Iterable.scala:926)
	at Lexer.epsInchidere(Lexer.scala:15)
	at Lexer.$anonfun$epsInchidere$2(Lexer.scala:15)
	at scala.collection.IterableOnceOps.foldLeft(IterableOnce.scala:646)
	at scala.collection.IterableOnceOps.foldLeft$(IterableOnce.scala:642)
	at scala.collection.AbstractIterable.foldLeft(Iterable.scala:926)
	at Lexer.epsInchidere(Lexer.scala:15)
	at Lexer.$anonfun$epsInchidere$2(Lexer.scala:15)
	at scala.collection.IterableOnceOps.foldLeft(IterableOnce.scala:646)
	at scala.collection.IterableOnceOps.foldLeft$(IterableOnce.scala:642)
	at scala.collection.AbstractIterable.foldLeft(Iterable.scala:926)
	at Lexer.epsInchidere(Lexer.scala:15)
	at Lexer.$anonfun$epsInchidere$2(Lexer.scala:15)
	at scala.collection.IterableOnceOps.foldLeft(IterableOnce.scala:646)
	at scala.collection.IterableOnceOps.foldLeft$(IterableOnce.scala:642)
	at scala.collection.AbstractIterable.foldLeft(Iterable.scala:926)
	at Lexer.epsInchidere(Lexer.scala:15)
	at Lexer.$anonfun$epsInchidere$2(Lexer.scala:15)
	at scala.collection.IterableOnceOps.foldLeft(IterableOnce.scala:646)
	at scala.collection.IterableOnceOps.foldLeft$(IterableOnce.scala:642)
	at scala.collection.AbstractIterable.foldLeft(Iterable.scala:926)
	at Lexer.epsInchidere(Lexer.scala:15)
	at Lexer.$anonfun$epsInchidere$2(Lexer.scala:15)
	at scala.collection.IterableOnceOps.foldLeft(IterableOnce.scala:646)
	at scala.collection.IterableOnceOps.foldLeft$(IterableOnce.scala:642)
	at scala.collection.AbstractIterable.foldLeft(Iterable.scala:926)
	at Lexer.epsInchidere(Lexer.scala:15)
	at Lexer.$anonfun$epsInchidere$2(Lexer.scala:15)
	at scala.collection.IterableOnceOps.foldLeft(IterableOnce.scala:646)
	at scala.collection.IterableOnceOps.foldLeft$(IterableOnce.scala:642)
	at scala.collection.AbstractIterable.foldLeft(Iterable.scala:926)
	at Lexer.epsInchidere(Lexer.scala:15)
	at Lexer.$anonfun$epsInchidere$2(Lexer.scala:15)
	at scala.collection.IterableOnceOps.foldLeft(IterableOnce.scala:646)
	at scala.collection.IterableOnceOps.foldLeft$(IterableOnce.scala:642)
	at scala.collection.AbstractIterable.foldLeft(Iterable.scala:926)
	at Lexer.epsInchidere(Lexer.scala:15)
	at Lexer.$anonfun$epsInchidere$2(Lexer.scala:15)
	at scala.collection.IterableOnceOps.foldLeft(IterableOnce.scala:646)
	at scala.collection.IterableOnceOps.foldLeft$(IterableOnce.scala:642)
	at scala.collection.AbstractIterable.foldLeft(Iterable.scala:926)
	at Lexer.epsInchidere(Lexer.scala:15)
	at Lexer.$anonfun$epsInchidere$2(Lexer.scala:15)
	at scala.collection.IterableOnceOps.foldLeft(IterableOnce.scala:646)
	at scala.collection.IterableOnceOps.foldLeft$(IterableOnce.scala:642)
	at scala.collection.AbstractIterable.foldLeft(Iterable.scala:926)
	at Lexer.epsInchidere(Lexer.scala:15)
	at Lexer.$anonfun$epsInchidere$2(Lexer.scala:15)
	at scala.collection.IterableOnceOps.foldLeft(IterableOnce.scala:646)
	at scala.collection.IterableOnceOps.foldLeft$(IterableOnce.scala:642)
	at scala.collection.AbstractIterable.foldLeft(Iterable.scala:926)
	at Lexer.epsInchidere(Lexer.scala:15)
	at Lexer.$anonfun$epsInchidere$2(Lexer.scala:15)
	at scala.collection.IterableOnceOps.foldLeft(IterableOnce.scala:646)
	at scala.collection.IterableOnceOps.foldLeft$(IterableOnce.scala:642)
	at scala.collection.AbstractIterable.foldLeft(Iterable.scala:926)
	at Lexer.epsInchidere(Lexer.scala:15)
	at Lexer.$anonfun$epsInchidere$2(Lexer.scala:15)
	at scala.collection.IterableOnceOps.foldLeft(IterableOnce.scala:646)
	at scala.collection.IterableOnceOps.foldLeft$(IterableOnce.scala:642)
	at scala.collection.AbstractIterable.foldLeft(Iterable.scala:926)
	at Lexer.epsInchidere(Lexer.scala:15)
	at Lexer.$anonfun$epsInchidere$2(Lexer.scala:15)
	at scala.collection.IterableOnceOps.foldLeft(IterableOnce.scala:646)
	at scala.collection.IterableOnceOps.foldLeft$(IterableOnce.scala:642)
	at scala.collection.AbstractIterable.foldLeft(Iterable.scala:926)
	at Lexer.epsInchidere(Lexer.scala:15)
	at Lexer.$anonfun$epsInchidere$2(Lexer.scala:15)
	at scala.collection.IterableOnceOps.foldLeft(IterableOnce.scala:646)
	at scala.collection.IterableOnceOps.foldLeft$(IterableOnce.scala:642)
	at scala.collection.AbstractIterable.foldLeft(Iterable.scala:926)
	at Lexer.epsInchidere(Lexer.scala:15)
	at Lexer.$anonfun$epsInchidere$2(Lexer.scala:15)
	at scala.collection.IterableOnceOps.foldLeft(IterableOnce.scala:646)
	at scala.collection.IterableOnceOps.foldLeft$(IterableOnce.scala:642)
	at scala.collection.AbstractIterable.foldLeft(Iterable.scala:926)
	at Lexer.epsInchidere(Lexer.scala:15)
	at Lexer.$anonfun$epsInchidere$2(Lexer.scala:15)
	at scala.collection.IterableOnceOps.foldLeft(IterableOnce.scala:646)
	at scala.collection.IterableOnceOps.foldLeft$(IterableOnce.scala:642)
	at scala.collection.AbstractIterable.foldLeft(Iterable.scala:926)
	at Lexer.epsInchidere(Lexer.scala:15)
	at Lexer.$anonfun$epsInchidere$2(Lexer.scala:15)
	at scala.collection.IterableOnceOps.foldLeft(IterableOnce.scala:646)
	at scala.collection.IterableOnceOps.foldLeft$(IterableOnce.scala:642)
	at scala.collection.AbstractIterable.foldLeft(Iterable.scala:926)
	at Lexer.epsInchidere(Lexer.scala:15)
	at Lexer.$anonfun$epsInchidere$2(Lexer.scala:15)
	at scala.collection.IterableOnceOps.foldLeft(IterableOnce.scala:646)
	at scala.collection.IterableOnceOps.foldLeft$(IterableOnce.scala:642)
	at scala.collection.AbstractIterable.foldLeft(Iterable.scala:926)
	at Lexer.epsInchidere(Lexer.scala:15)
	at Lexer.$anonfun$epsInchidere$2(Lexer.scala:15)
	at scala.collection.IterableOnceOps.foldLeft(IterableOnce.scala:646)
	at scala.collection.IterableOnceOps.foldLeft$(IterableOnce.scala:642)
	at scala.collection.AbstractIterable.foldLeft(Iterable.scala:926)
	at Lexer.epsInchidere(Lexer.scala:15)
	at Lexer.$anonfun$epsInchidere$2(Lexer.scala:15)
	at scala.collection.IterableOnceOps.foldLeft(IterableOnce.scala:646)
	at scala.collection.IterableOnceOps.foldLeft$(IterableOnce.scala:642)
	at scala.collection.AbstractIterable.foldLeft(Iterable.scala:926)
	at Lexer.epsInchidere(Lexer.scala:15)
	at Lexer.$anonfun$epsInchidere$2(Lexer.scala:15)
	at scala.collection.IterableOnceOps.foldLeft(IterableOnce.scala:646)
	at scala.collection.IterableOnceOps.foldLeft$(IterableOnce.scala:642)
	at scala.collection.AbstractIterable.foldLeft(Iterable.scala:926)
	at Lexer.epsInchidere(Lexer.scala:15)
	at Lexer.$anonfun$epsInchidere$2(Lexer.scala:15)
	at scala.collection.IterableOnceOps.foldLeft(IterableOnce.scala:646)
	at scala.collection.IterableOnceOps.foldLeft$(IterableOnce.scala:642)
	at scala.collection.AbstractIterable.foldLeft(Iterable.scala:926)
	at Lexer.epsInchidere(Lexer.scala:15)
	at Lexer.$anonfun$epsInchidere$2(Lexer.scala:15)
	at scala.collection.IterableOnceOps.foldLeft(IterableOnce.scala:646)
	at scala.collection.IterableOnceOps.foldLeft$(IterableOnce.scala:642)
	at scala.collection.AbstractIterable.foldLeft(Iterable.scala:926)
	at Lexer.epsInchidere(Lexer.scala:15)
	at Lexer.$anonfun$epsInchidere$2(Lexer.scala:15)
	at scala.collection.IterableOnceOps.foldLeft(IterableOnce.scala:646)
	at scala.collection.IterableOnceOps.foldLeft$(IterableOnce.scala:642)
	at scala.collection.AbstractIterable.foldLeft(Iterable.scala:926)
	at Lexer.epsInchidere(Lexer.scala:15)
	at Lexer.$anonfun$epsInchidere$2(Lexer.scala:15)
	at scala.collection.IterableOnceOps.foldLeft(IterableOnce.scala:646)
	at scala.collection.IterableOnceOps.foldLeft$(IterableOnce.scala:642)
	at scala.collection.AbstractIterable.foldLeft(Iterable.scala:926)
	at Lexer.epsInchidere(Lexer.scala:15)
	at Lexer.$anonfun$epsInchidere$2(Lexer.scala:15)
	at scala.collection.IterableOnceOps.foldLeft(IterableOnce.scala:646)
	at scala.collection.IterableOnceOps.foldLeft$(IterableOnce.scala:642)
	at scala.collection.AbstractIterable.foldLeft(Iterable.scala:926)
	at Lexer.epsInchidere(Lexer.scala:15)
	at Lexer.$anonfun$epsInchidere$2(Lexer.scala:15)
	at scala.collection.IterableOnceOps.foldLeft(IterableOnce.scala:646)
	at scala.collection.IterableOnceOps.foldLeft$(IterableOnce.scala:642)
	at scala.collection.AbstractIterable.foldLeft(Iterable.scala:926)
	at Lexer.epsInchidere(Lexer.scala:15)
	at Lexer.$anonfun$epsInchidere$2(Lexer.scala:15)
	at scala.collection.IterableOnceOps.foldLeft(IterableOnce.scala:646)
	at scala.collection.IterableOnceOps.foldLeft$(IterableOnce.scala:642)
	at scala.collection.AbstractIterable.foldLeft(Iterable.scala:926)
	at Lexer.epsInchidere(Lexer.scala:15)
	at Lexer.$anonfun$epsInchidere$2(Lexer.scala:15)
	at scala.collection.IterableOnceOps.foldLeft(IterableOnce.scala:646)
	at scala.collection.IterableOnceOps.foldLeft$(IterableOnce.scala:642)
	at scala.collection.AbstractIterable.foldLeft(Iterable.scala:926)
	at Lexer.epsInchidere(Lexer.scala:15)
	at Lexer.$anonfun$epsInchidere$2(Lexer.scala:15)
	at scala.collection.IterableOnceOps.foldLeft(IterableOnce.scala:646)
	at scala.collection.IterableOnceOps.foldLeft$(IterableOnce.scala:642)
	at scala.collection.AbstractIterable.foldLeft(Iterable.scala:926)
	at Lexer.epsInchidere(Lexer.scala:15)
	at Lexer.$anonfun$epsInchidere$2(Lexer.scala:15)
	at scala.collection.IterableOnceOps.foldLeft(IterableOnce.scala:646)
	at scala.collection.IterableOnceOps.foldLeft$(IterableOnce.scala:642)
	at scala.collection.AbstractIterable.foldLeft(Iterable.scala:926)
	at Lexer.epsInchidere(Lexer.scala:15)
	at Lexer.$anonfun$epsInchidere$2(Lexer.scala:15)
	at scala.collection.IterableOnceOps.foldLeft(IterableOnce.scala:646)
	at scala.collection.IterableOnceOps.foldLeft$(IterableOnce.scala:642)
	at scala.collection.AbstractIterable.foldLeft(Iterable.scala:926)
	at Lexer.epsInchidere(Lexer.scala:15)
	at Lexer.$anonfun$epsInchidere$2(Lexer.scala:15)
	at scala.collection.IterableOnceOps.foldLeft(IterableOnce.scala:646)
	at scala.collection.IterableOnceOps.foldLeft$(IterableOnce.scala:642)
	at scala.collection.AbstractIterable.foldLeft(Iterable.scala:926)
	at Lexer.epsInchidere(Lexer.scala:15)
	at Lexer.$anonfun$epsInchidere$2(Lexer.scala:15)
	at scala.collection.IterableOnceOps.foldLeft(IterableOnce.scala:646)
	at scala.collection.IterableOnceOps.foldLeft$(IterableOnce.scala:642)
	at scala.collection.AbstractIterable.foldLeft(Iterable.scala:926)
	at Lexer.epsInchidere(Lexer.scala:15)
	at Lexer.$anonfun$epsInchidere$2(Lexer.scala:15)
	at scala.collection.IterableOnceOps.foldLeft(IterableOnce.scala:646)
	at scala.collection.IterableOnceOps.foldLeft$(IterableOnce.scala:642)
	at scala.collection.AbstractIterable.foldLeft(Iterable.scala:926)
	at Lexer.epsInchidere(Lexer.scala:15)
	at Lexer.$anonfun$epsInchidere$2(Lexer.scala:15)
	at scala.collection.IterableOnceOps.foldLeft(IterableOnce.scala:646)
	at scala.collection.IterableOnceOps.foldLeft$(IterableOnce.scala:642)
	at scala.collection.AbstractIterable.foldLeft(Iterable.scala:926)
	at Lexer.epsInchidere(Lexer.scala:15)
	at Lexer.$anonfun$epsInchidere$2(Lexer.scala:15)
	at scala.collection.IterableOnceOps.foldLeft(IterableOnce.scala:646)
	at scala.collection.IterableOnceOps.foldLeft$(IterableOnce.scala:642)
	at scala.collection.AbstractIterable.foldLeft(Iterable.scala:926)
	at Lexer.epsInchidere(Lexer.scala:15)
	at Lexer.$anonfun$epsInchidere$2(Lexer.scala:15)
	at scala.collection.IterableOnceOps.foldLeft(IterableOnce.scala:646)
	at scala.collection.IterableOnceOps.foldLeft$(IterableOnce.scala:642)
	at scala.collection.AbstractIterable.foldLeft(Iterable.scala:926)
	at Lexer.epsInchidere(Lexer.scala:15)
	at Lexer.$anonfun$epsInchidere$2(Lexer.scala:15)
	at scala.collection.IterableOnceOps.foldLeft(IterableOnce.scala:646)
	at scala.collection.IterableOnceOps.foldLeft$(IterableOnce.scala:642)
	at scala.collection.AbstractIterable.foldLeft(Iterable.scala:926)
	at Lexer.epsInchidere(Lexer.scala:15)
	at Lexer.$anonfun$epsInchidere$2(Lexer.scala:15)
	at scala.collection.IterableOnceOps.foldLeft(IterableOnce.scala:646)
	at scala.collection.IterableOnceOps.foldLeft$(IterableOnce.scala:642)
	at scala.collection.AbstractIterable.foldLeft(Iterable.scala:926)
	at Lexer.epsInchidere(Lexer.scala:15)
	at Lexer.$anonfun$epsInchidere$2(Lexer.scala:15)
	at scala.collection.IterableOnceOps.foldLeft(IterableOnce.scala:646)
	at scala.collection.IterableOnceOps.foldLeft$(IterableOnce.scala:642)
	at scala.collection.AbstractIterable.foldLeft(Iterable.scala:926)
	at Lexer.epsInchidere(Lexer.scala:15)
	at Lexer.$anonfun$epsInchidere$2(Lexer.scala:15)
	at scala.collection.IterableOnceOps.foldLeft(IterableOnce.scala:646)
	at scala.collection.IterableOnceOps.foldLeft$(IterableOnce.scala:642)
	at scala.collection.AbstractIterable.foldLeft(Iterable.scala:926)
	at Lexer.epsInchidere(Lexer.scala:15)
	at Lexer.$anonfun$epsInchidere$2(Lexer.scala:15)
	at scala.collection.IterableOnceOps.foldLeft(IterableOnce.scala:646)
	at scala.collection.IterableOnceOps.foldLeft$(IterableOnce.scala:642)
	at scala.collection.AbstractIterable.foldLeft(Iterable.scala:926)
	at Lexer.epsInchidere(Lexer.scala:15)
	at Lexer.$anonfun$epsInchidere$2(Lexer.scala:15)
	at scala.collection.IterableOnceOps.foldLeft(IterableOnce.scala:646)
	at scala.collection.IterableOnceOps.foldLeft$(IterableOnce.scala:642)
	at scala.collection.AbstractIterable.foldLeft(Iterable.scala:926)
	at Lexer.epsInchidere(Lexer.scala:15)
	at Lexer.$anonfun$epsInchidere$2(Lexer.scala:15)
	at scala.collection.IterableOnceOps.foldLeft(IterableOnce.scala:646)
	at scala.collection.IterableOnceOps.foldLeft$(IterableOnce.scala:642)
	at scala.collection.AbstractIterable.foldLeft(Iterable.scala:926)
	at Lexer.epsInchidere(Lexer.scala:15)
	at Lexer.$anonfun$epsInchidere$2(Lexer.scala:15)
	at scala.collection.IterableOnceOps.foldLeft(IterableOnce.scala:646)
	at scala.collection.IterableOnceOps.foldLeft$(IterableOnce.scala:642)
	at scala.collection.AbstractIterable.foldLeft(Iterable.scala:926)
	at Lexer.epsInchidere(Lexer.scala:15)
	at Lexer.$anonfun$epsInchidere$2(Lexer.scala:15)
	at scala.collection.IterableOnceOps.foldLeft(IterableOnce.scala:646)
	at scala.collection.IterableOnceOps.foldLeft$(IterableOnce.scala:642)
	at scala.collection.AbstractIterable.foldLeft(Iterable.scala:926)
	at Lexer.epsInchidere(Lexer.scala:15)
	at Lexer.$anonfun$epsInchidere$2(Lexer.scala:15)
	at scala.collection.IterableOnceOps.foldLeft(IterableOnce.scala:646)
	at scala.collection.IterableOnceOps.foldLeft$(IterableOnce.scala:642)
	at scala.collection.AbstractIterable.foldLeft(Iterable.scala:926)
	at Lexer.epsInchidere(Lexer.scala:15)
	at Lexer.$anonfun$epsInchidere$2(Lexer.scala:15)
	at scala.collection.IterableOnceOps.foldLeft(IterableOnce.scala:646)
	at scala.collection.IterableOnceOps.foldLeft$(IterableOnce.scala:642)
	at scala.collection.AbstractIterable.foldLeft(Iterable.scala:926)
	at Lexer.epsInchidere(Lexer.scala:15)
	at Lexer.$anonfun$epsInchidere$2(Lexer.scala:15)
	at scala.collection.IterableOnceOps.foldLeft(IterableOnce.scala:646)
	at scala.collection.IterableOnceOps.foldLeft$(IterableOnce.scala:642)
	at scala.collection.AbstractIterable.foldLeft(Iterable.scala:926)
	at Lexer.epsInchidere(Lexer.scala:15)
	at Lexer.$anonfun$epsInchidere$2(Lexer.scala:15)
	at scala.collection.IterableOnceOps.foldLeft(IterableOnce.scala:646)
	at scala.collection.IterableOnceOps.foldLeft$(IterableOnce.scala:642)
	at scala.collection.AbstractIterable.foldLeft(Iterable.scala:926)
	at Lexer.epsInchidere(Lexer.scala:15)
	at Lexer.$anonfun$epsInchidere$2(Lexer.scala:15)
	at scala.collection.IterableOnceOps.foldLeft(IterableOnce.scala:646)
	at scala.collection.IterableOnceOps.foldLeft$(IterableOnce.scala:642)
	at scala.collection.AbstractIterable.foldLeft(Iterable.scala:926)
	at Lexer.epsInchidere(Lexer.scala:15)
	at Lexer.$anonfun$epsInchidere$2(Lexer.scala:15)
	at scala.collection.IterableOnceOps.foldLeft(IterableOnce.scala:646)
	at scala.collection.IterableOnceOps.foldLeft$(IterableOnce.scala:642)
	at scala.collection.AbstractIterable.foldLeft(Iterable.scala:926)
	at Lexer.epsInchidere(Lexer.scala:15)
	at Lexer.$anonfun$epsInchidere$2(Lexer.scala:15)
	at scala.collection.IterableOnceOps.foldLeft(IterableOnce.scala:646)
	at scala.collection.IterableOnceOps.foldLeft$(IterableOnce.scala:642)
	at scala.collection.AbstractIterable.foldLeft(Iterable.scala:926)
	at Lexer.epsInchidere(Lexer.scala:15)
	at Lexer.$anonfun$epsInchidere$2(Lexer.scala:15)
	at scala.collection.IterableOnceOps.foldLeft(IterableOnce.scala:646)
	at scala.collection.IterableOnceOps.foldLeft$(IterableOnce.scala:642)
	at scala.collection.AbstractIterable.foldLeft(Iterable.scala:926)
	at Lexer.epsInchidere(Lexer.scala:15)
	at Lexer.$anonfun$epsInchidere$2(Lexer.scala:15)
	at scala.collection.IterableOnceOps.foldLeft(IterableOnce.scala:646)
	at scala.collection.IterableOnceOps.foldLeft$(IterableOnce.scala:642)
	at scala.collection.AbstractIterable.foldLeft(Iterable.scala:926)
	at Lexer.epsInchidere(Lexer.scala:15)
	at Lexer.$anonfun$epsInchidere$2(Lexer.scala:15)
	at scala.collection.IterableOnceOps.foldLeft(IterableOnce.scala:646)
	at scala.collection.IterableOnceOps.foldLeft$(IterableOnce.scala:642)
	at scala.collection.AbstractIterable.foldLeft(Iterable.scala:926)
	at Lexer.epsInchidere(Lexer.scala:15)
	at Lexer.$anonfun$epsInchidere$2(Lexer.scala:15)
	at scala.collection.IterableOnceOps.foldLeft(IterableOnce.scala:646)
	at scala.collection.IterableOnceOps.foldLeft$(IterableOnce.scala:642)
	at scala.collection.AbstractIterable.foldLeft(Iterable.scala:926)
	at Lexer.epsInchidere(Lexer.scala:15)
	at Lexer.$anonfun$epsInchidere$2(Lexer.scala:15)
	at scala.collection.IterableOnceOps.foldLeft(IterableOnce.scala:646)
	at scala.collection.IterableOnceOps.foldLeft$(IterableOnce.scala:642)
	at scala.collection.AbstractIterable.foldLeft(Iterable.scala:926)
	at Lexer.epsInchidere(Lexer.scala:15)
	at Lexer.$anonfun$epsInchidere$2(Lexer.scala:15)
	at scala.collection.IterableOnceOps.foldLeft(IterableOnce.scala:646)
	at scala.collection.IterableOnceOps.foldLeft$(IterableOnce.scala:642)
	at scala.collection.AbstractIterable.foldLeft(Iterable.scala:926)
	at Lexer.epsInchidere(Lexer.scala:15)
	at Lexer.$anonfun$epsInchidere$2(Lexer.scala:15)
	at scala.collection.IterableOnceOps.foldLeft(IterableOnce.scala:646)
	at scala.collection.IterableOnceOps.foldLeft$(IterableOnce.scala:642)
	at scala.collection.AbstractIterable.foldLeft(Iterable.scala:926)
	at Lexer.epsInchidere(Lexer.scala:15)
	at Lexer.$anonfun$epsInchidere$2(Lexer.scala:15)
	at scala.collection.IterableOnceOps.foldLeft(IterableOnce.scala:646)
	at scala.collection.IterableOnceOps.foldLeft$(IterableOnce.scala:642)
	at scala.collection.AbstractIterable.foldLeft(Iterable.scala:926)
	at Lexer.epsInchidere(Lexer.scala:15)
	at Lexer.$anonfun$epsInchidere$2(Lexer.scala:15)
	at scala.collection.IterableOnceOps.foldLeft(IterableOnce.scala:646)
	at scala.collection.IterableOnceOps.foldLeft$(IterableOnce.scala:642)
	at scala.collection.AbstractIterable.foldLeft(Iterable.scala:926)
	at Lexer.epsInchidere(Lexer.scala:15)
	at Lexer.$anonfun$epsInchidere$2(Lexer.scala:15)
	at scala.collection.IterableOnceOps.foldLeft(IterableOnce.scala:646)
	at scala.collection.IterableOnceOps.foldLeft$(IterableOnce.scala:642)
	at scala.collection.AbstractIterable.foldLeft(Iterable.scala:926)
	at Lexer.epsInchidere(Lexer.scala:15)
	at Lexer.$anonfun$epsInchidere$2(Lexer.scala:15)
	at scala.collection.IterableOnceOps.foldLeft(IterableOnce.scala:646)
	at scala.collection.IterableOnceOps.foldLeft$(IterableOnce.scala:642)
	at scala.collection.AbstractIterable.foldLeft(Iterable.scala:926)
	at Lexer.epsInchidere(Lexer.scala:15)
	at Lexer.$anonfun$epsInchidere$2(Lexer.scala:15)
	at scala.collection.IterableOnceOps.foldLeft(IterableOnce.scala:646)
	at scala.collection.IterableOnceOps.foldLeft$(IterableOnce.scala:642)
	at scala.collection.AbstractIterable.foldLeft(Iterable.scala:926)
	at Lexer.epsInchidere(Lexer.scala:15)
	at Lexer.$anonfun$epsInchidere$2(Lexer.scala:15)
	at scala.collection.IterableOnceOps.foldLeft(IterableOnce.scala:646)
	at scala.collection.IterableOnceOps.foldLeft$(IterableOnce.scala:642)
	at scala.collection.AbstractIterable.foldLeft(Iterable.scala:926)
	at Lexer.epsInchidere(Lexer.scala:15)
	at Lexer.$anonfun$epsInchidere$2(Lexer.scala:15)
	at scala.collection.IterableOnceOps.foldLeft(IterableOnce.scala:646)
	at scala.collection.IterableOnceOps.foldLeft$(IterableOnce.scala:642)
	at scala.collection.AbstractIterable.foldLeft(Iterable.scala:926)
	at Lexer.epsInchidere(Lexer.scala:15)
	at Lexer.$anonfun$epsInchidere$2(Lexer.scala:15)
	at scala.collection.IterableOnceOps.foldLeft(IterableOnce.scala:646)
	at scala.collection.IterableOnceOps.foldLeft$(IterableOnce.scala:642)
	at scala.collection.AbstractIterable.foldLeft(Iterable.scala:926)
	at Lexer.epsInchidere(Lexer.scala:15)
	at Lexer.$anonfun$epsInchidere$2(Lexer.scala:15)
	at scala.collection.IterableOnceOps.foldLeft(IterableOnce.scala:646)
	at scala.collection.IterableOnceOps.foldLeft$(IterableOnce.scala:642)
	at scala.collection.AbstractIterable.foldLeft(Iterable.scala:926)
	at Lexer.epsInchidere(Lexer.scala:15)
	at Lexer.$anonfun$epsInchidere$2(Lexer.scala:15)
	at scala.collection.IterableOnceOps.foldLeft(IterableOnce.scala:646)
	at scala.collection.IterableOnceOps.foldLeft$(IterableOnce.scala:642)
	at scala.collection.AbstractIterable.foldLeft(Iterable.scala:926)
	at Lexer.epsInchidere(Lexer.scala:15)
	at Lexer.$anonfun$epsInchidere$2(Lexer.scala:15)
	at scala.collection.IterableOnceOps.foldLeft(IterableOnce.scala:646)
	at scala.collection.IterableOnceOps.foldLeft$(IterableOnce.scala:642)
	at scala.collection.AbstractIterable.foldLeft(Iterable.scala:926)
	at Lexer.epsInchidere(Lexer.scala:15)
	at Lexer.$anonfun$epsInchidere$2(Lexer.scala:15)
	at scala.collection.IterableOnceOps.foldLeft(IterableOnce.scala:646)
	at scala.collection.IterableOnceOps.foldLeft$(IterableOnce.scala:642)
	at scala.collection.AbstractIterable.foldLeft(Iterable.scala:926)
	at Lexer.epsInchidere(Lexer.scala:15)
	at Lexer.$anonfun$epsInchidere$2(Lexer.scala:15)
	at scala.collection.IterableOnceOps.foldLeft(IterableOnce.scala:646)
	at scala.collection.IterableOnceOps.foldLeft$(IterableOnce.scala:642)
	at scala.collection.AbstractIterable.foldLeft(Iterable.scala:926)
	at Lexer.epsInchidere(Lexer.scala:15)
	at Lexer.$anonfun$epsInchidere$2(Lexer.scala:15)
	at scala.collection.IterableOnceOps.foldLeft(IterableOnce.scala:646)
	at scala.collection.IterableOnceOps.foldLeft$(IterableOnce.scala:642)
	at scala.collection.AbstractIterable.foldLeft(Iterable.scala:926)
	at Lexer.epsInchidere(Lexer.scala:15)
	at Lexer.$anonfun$epsInchidere$2(Lexer.scala:15)
	at scala.collection.IterableOnceOps.foldLeft(IterableOnce.scala:646)
	at scala.collection.IterableOnceOps.foldLeft$(IterableOnce.scala:642)
	at scala.collection.AbstractIterable.foldLeft(Iterable.scala:926)
	at Lexer.epsInchidere(Lexer.scala:15)
	at Lexer.$anonfun$epsInchidere$2(Lexer.scala:15)
	at scala.collection.IterableOnceOps.foldLeft(IterableOnce.scala:646)
	at scala.collection.IterableOnceOps.foldLeft$(IterableOnce.scala:642)
	at scala.collection.AbstractIterable.foldLeft(Iterable.scala:926)
	at Lexer.epsInchidere(Lexer.scala:15)
	at Lexer.$anonfun$epsInchidere$2(Lexer.scala:15)
	at scala.collection.IterableOnceOps.foldLeft(IterableOnce.scala:646)
	at scala.collection.IterableOnceOps.foldLeft$(IterableOnce.scala:642)
	at scala.collection.AbstractIterable.foldLeft(Iterable.scala:926)
	at Lexer.epsInchidere(Lexer.scala:15)
	at Lexer.$anonfun$epsInchidere$2(Lexer.scala:15)
	at scala.collection.IterableOnceOps.foldLeft(IterableOnce.scala:646)
	at scala.collection.IterableOnceOps.foldLeft$(IterableOnce.scala:642)
	at scala.collection.AbstractIterable.foldLeft(Iterable.scala:926)
	at Lexer.epsInchidere(Lexer.scala:15)
	at Lexer.$anonfun$epsInchidere$2(Lexer.scala:15)
	at scala.collection.IterableOnceOps.foldLeft(IterableOnce.scala:646)
	at scala.collection.IterableOnceOps.foldLeft$(IterableOnce.scala:642)
	at scala.collection.AbstractIterable.foldLeft(Iterable.scala:926)
	at Lexer.epsInchidere(Lexer.scala:15)
	at Lexer.$anonfun$epsInchidere$2(Lexer.scala:15)
	at scala.collection.IterableOnceOps.foldLeft(IterableOnce.scala:646)
	at scala.collection.IterableOnceOps.foldLeft$(IterableOnce.scala:642)
	at scala.collection.AbstractIterable.foldLeft(Iterable.scala:926)
	at Lexer.epsInchidere(Lexer.scala:15)
	at Lexer.$anonfun$epsInchidere$2(Lexer.scala:15)
	at scala.collection.IterableOnceOps.foldLeft(IterableOnce.scala:646)
	at scala.collection.IterableOnceOps.foldLeft$(IterableOnce.scala:642)
	at scala.collection.AbstractIterable.foldLeft(Iterable.scala:926)
	at Lexer.epsInchidere(Lexer.scala:15)
	at Lexer.$anonfun$epsInchidere$2(Lexer.scala:15)
	at scala.collection.IterableOnceOps.foldLeft(IterableOnce.scala:646)
	at scala.collection.IterableOnceOps.foldLeft$(IterableOnce.scala:642)
	at scala.collection.AbstractIterable.foldLeft(Iterable.scala:926)
	at Lexer.epsInchidere(Lexer.scala:15)
	at Lexer.$anonfun$epsInchidere$2(Lexer.scala:15)
	at scala.collection.IterableOnceOps.foldLeft(IterableOnce.scala:646)
	at scala.collection.IterableOnceOps.foldLeft$(IterableOnce.scala:642)
	at scala.collection.AbstractIterable.foldLeft(Iterable.scala:926)
	at Lexer.epsInchidere(Lexer.scala:15)
	at Lexer.$anonfun$epsInchidere$2(Lexer.scala:15)
	at scala.collection.IterableOnceOps.foldLeft(IterableOnce.scala:646)
	at scala.collection.IterableOnceOps.foldLeft$(IterableOnce.scala:642)
	at scala.collection.AbstractIterable.foldLeft(Iterable.scala:926)
	at Lexer.epsInchidere(Lexer.scala:15)
	at Lexer.$anonfun$epsInchidere$2(Lexer.scala:15)
	at scala.collection.IterableOnceOps.foldLeft(IterableOnce.scala:646)
	at scala.collection.IterableOnceOps.foldLeft$(IterableOnce.scala:642)
	at scala.collection.AbstractIterable.foldLeft(Iterable.scala:926)
	at Lexer.epsInchidere(Lexer.scala:15)
	at Lexer.$anonfun$epsInchidere$2(Lexer.scala:15)
	at scala.collection.IterableOnceOps.foldLeft(IterableOnce.scala:646)
	at scala.collection.IterableOnceOps.foldLeft$(IterableOnce.scala:642)
	at scala.collection.AbstractIterable.foldLeft(Iterable.scala:926)
	at Lexer.epsInchidere(Lexer.scala:15)
	at Lexer.$anonfun$epsInchidere$2(Lexer.scala:15)
	at scala.collection.IterableOnceOps.foldLeft(IterableOnce.scala:646)
	at scala.collection.IterableOnceOps.foldLeft$(IterableOnce.scala:642)
	at scala.collection.AbstractIterable.foldLeft(Iterable.scala:926)
	at Lexer.epsInchidere(Lexer.scala:15)
	at Lexer.$anonfun$epsInchidere$2(Lexer.scala:15)
	at scala.collection.IterableOnceOps.foldLeft(IterableOnce.scala:646)
	at scala.collection.IterableOnceOps.foldLeft$(IterableOnce.scala:642)
	at scala.collection.AbstractIterable.foldLeft(Iterable.scala:926)
	at Lexer.epsInchidere(Lexer.scala:15)
	at Lexer.$anonfun$epsInchidere$2(Lexer.scala:15)
	at scala.collection.IterableOnceOps.foldLeft(IterableOnce.scala:646)
	at scala.collection.IterableOnceOps.foldLeft$(IterableOnce.scala:642)
	at scala.collection.AbstractIterable.foldLeft(Iterable.scala:926)
	at Lexer.epsInchidere(Lexer.scala:15)
	at Lexer.$anonfun$epsInchidere$2(Lexer.scala:15)
	at scala.collection.IterableOnceOps.foldLeft(IterableOnce.scala:646)
	at scala.collection.IterableOnceOps.foldLeft$(IterableOnce.scala:642)
	at scala.collection.AbstractIterable.foldLeft(Iterable.scala:926)
	at Lexer.epsInchidere(Lexer.scala:15)
	at Lexer.$anonfun$epsInchidere$2(Lexer.scala:15)
	at scala.collection.IterableOnceOps.foldLeft(IterableOnce.scala:646)
	at scala.collection.IterableOnceOps.foldLeft$(IterableOnce.scala:642)
	at scala.collection.AbstractIterable.foldLeft(Iterable.scala:926)
	at Lexer.epsInchidere(Lexer.scala:15)
	at Lexer.$anonfun$epsInchidere$2(Lexer.scala:15)
	at scala.collection.IterableOnceOps.foldLeft(IterableOnce.scala:646)
	at scala.collection.IterableOnceOps.foldLeft$(IterableOnce.scala:642)
	at scala.collection.AbstractIterable.foldLeft(Iterable.scala:926)
	at Lexer.epsInchidere(Lexer.scala:15)
	at Lexer.$anonfun$epsInchidere$2(Lexer.scala:15)
	at scala.collection.IterableOnceOps.foldLeft(IterableOnce.scala:646)
	at scala.collection.IterableOnceOps.foldLeft$(IterableOnce.scala:642)
	at scala.collection.AbstractIterable.foldLeft(Iterable.scala:926)
	at Lexer.epsInchidere(Lexer.scala:15)
	at Lexer.$anonfun$epsInchidere$2(Lexer.scala:15)
	at scala.collection.IterableOnceOps.foldLeft(IterableOnce.scala:646)
	at scala.collection.IterableOnceOps.foldLeft$(IterableOnce.scala:642)
	at scala.collection.AbstractIterable.foldLeft(Iterable.scala:926)
	at Lexer.epsInchidere(Lexer.scala:15)
	at Lexer.$anonfun$epsInchidere$2(Lexer.scala:15)
	at scala.collection.IterableOnceOps.foldLeft(IterableOnce.scala:646)
	at scala.collection.IterableOnceOps.foldLeft$(IterableOnce.scala:642)
	at scala.collection.AbstractIterable.foldLeft(Iterable.scala:926)
	at Lexer.epsInchidere(Lexer.scala:15)
	at Lexer.$anonfun$epsInchidere$2(Lexer.scala:15)
	at scala.collection.IterableOnceOps.foldLeft(IterableOnce.scala:646)
	at scala.collection.IterableOnceOps.foldLeft$(IterableOnce.scala:642)
	at scala.collection.AbstractIterable.foldLeft(Iterable.scala:926)
	at Lexer.epsInchidere(Lexer.scala:15)
	at Lexer.$anonfun$epsInchidere$2(Lexer.scala:15)
	at scala.collection.IterableOnceOps.foldLeft(IterableOnce.scala:646)
	at scala.collection.IterableOnceOps.foldLeft$(IterableOnce.scala:642)
	at scala.collection.AbstractIterable.foldLeft(Iterable.scala:926)
	at Lexer.epsInchidere(Lexer.scala:15)
	at Lexer.$anonfun$epsInchidere$2(Lexer.scala:15)
	at scala.collection.IterableOnceOps.foldLeft(IterableOnce.scala:646)
	at scala.collection.IterableOnceOps.foldLeft$(IterableOnce.scala:642)
	at scala.collection.AbstractIterable.foldLeft(Iterable.scala:926)
	at Lexer.epsInchidere(Lexer.scala:15)
	at Lexer.$anonfun$epsInchidere$2(Lexer.scala:15)
	at scala.collection.IterableOnceOps.foldLeft(IterableOnce.scala:646)
	at scala.collection.IterableOnceOps.foldLeft$(IterableOnce.scala:642)
	at scala.collection.AbstractIterable.foldLeft(Iterable.scala:926)
	at Lexer.epsInchidere(Lexer.scala:15)
	at Lexer.$anonfun$epsInchidere$2(Lexer.scala:15)
	at scala.collection.IterableOnceOps.foldLeft(IterableOnce.scala:646)
	at scala.collection.IterableOnceOps.foldLeft$(IterableOnce.scala:642)
	at scala.collection.AbstractIterable.foldLeft(Iterable.scala:926)
	at Lexer.epsInchidere(Lexer.scala:15)
	at Lexer.$anonfun$epsInchidere$2(Lexer.scala:15)
	at scala.collection.IterableOnceOps.foldLeft(IterableOnce.scala:646)
	at scala.collection.IterableOnceOps.foldLeft$(IterableOnce.scala:642)
	at scala.collection.AbstractIterable.foldLeft(Iterable.scala:926)
	at Lexer.epsInchidere(Lexer.scala:15)
	at Lexer.$anonfun$epsInchidere$2(Lexer.scala:15)
	at scala.collection.IterableOnceOps.foldLeft(IterableOnce.scala:646)
	at scala.collection.IterableOnceOps.foldLeft$(IterableOnce.scala:642)
	at scala.collection.AbstractIterable.foldLeft(Iterable.scala:926)
	at Lexer.epsInchidere(Lexer.scala:15)
	at Lexer.$anonfun$epsInchidere$2(Lexer.scala:15)
	at scala.collection.IterableOnceOps.foldLeft(IterableOnce.scala:646)
	at scala.collection.IterableOnceOps.foldLeft$(IterableOnce.scala:642)
	at scala.collection.AbstractIterable.foldLeft(Iterable.scala:926)
	at Lexer.epsInchidere(Lexer.scala:15)
	at Lexer.$anonfun$epsInchidere$2(Lexer.scala:15)
	at scala.collection.IterableOnceOps.foldLeft(IterableOnce.scala:646)
	at scala.collection.IterableOnceOps.foldLeft$(IterableOnce.scala:642)
	at scala.collection.AbstractIterable.foldLeft(Iterable.scala:926)
	at Lexer.epsInchidere(Lexer.scala:15)
	at Lexer.$anonfun$epsInchidere$2(Lexer.scala:15)
	at scala.collection.IterableOnceOps.foldLeft(IterableOnce.scala:646)
	at scala.collection.IterableOnceOps.foldLeft$(IterableOnce.scala:642)
	at scala.collection.AbstractIterable.foldLeft(Iterable.scala:926)
	at Lexer.epsInchidere(Lexer.scala:15)
	at Lexer.$anonfun$epsInchidere$2(Lexer.scala:15)
	at scala.collection.IterableOnceOps.foldLeft(IterableOnce.scala:646)
	at scala.collection.IterableOnceOps.foldLeft$(IterableOnce.scala:642)
	at scala.collection.AbstractIterable.foldLeft(Iterable.scala:926)
	at Lexer.epsInchidere(Lexer.scala:15)
	at Lexer.$anonfun$epsInchidere$2(Lexer.scala:15)
	at scala.collection.IterableOnceOps.foldLeft(IterableOnce.scala:646)
	at scala.collection.IterableOnceOps.foldLeft$(IterableOnce.scala:642)
	at scala.collection.AbstractIterable.foldLeft(Iterable.scala:926)
	at Lexer.epsInchidere(Lexer.scala:15)
	at Lexer.$anonfun$epsInchidere$2(Lexer.scala:15)
	at scala.collection.IterableOnceOps.foldLeft(IterableOnce.scala:646)
	at scala.collection.IterableOnceOps.foldLeft$(IterableOnce.scala:642)
	at scala.collection.AbstractIterable.foldLeft(Iterable.scala:926)
	at Lexer.epsInchidere(Lexer.scala:15)
	at Lexer.$anonfun$epsInchidere$2(Lexer.scala:15)
	at scala.collection.IterableOnceOps.foldLeft(IterableOnce.scala:646)
	at scala.collection.IterableOnceOps.foldLeft$(IterableOnce.scala:642)
	at scala.collection.AbstractIterable.foldLeft(Iterable.scala:926)
	at Lexer.epsInchidere(Lexer.scala:15)
	at Lexer.$anonfun$epsInchidere$2(Lexer.scala:15)
	at scala.collection.IterableOnceOps.foldLeft(IterableOnce.scala:646)
	at scala.collection.IterableOnceOps.foldLeft$(IterableOnce.scala:642)
	at scala.collection.AbstractIterable.foldLeft(Iterable.scala:926)
	at Lexer.epsInchidere(Lexer.scala:15)
	at Lexer.$anonfun$epsInchidere$2(Lexer.scala:15)
	at scala.collection.IterableOnceOps.foldLeft(IterableOnce.scala:646)
	at scala.collection.IterableOnceOps.foldLeft$(IterableOnce.scala:642)
	at scala.collection.AbstractIterable.foldLeft(Iterable.scala:926)
	at Lexer.epsInchidere(Lexer.scala:15)
	at Lexer.$anonfun$epsInchidere$2(Lexer.scala:15)
	at scala.collection.IterableOnceOps.foldLeft(IterableOnce.scala:646)
	at scala.collection.IterableOnceOps.foldLeft$(IterableOnce.scala:642)
	at scala.collection.AbstractIterable.foldLeft(Iterable.scala:926)
	at Lexer.epsInchidere(Lexer.scala:15)
	at Lexer.$anonfun$epsInchidere$2(Lexer.scala:15)
	at scala.collection.IterableOnceOps.foldLeft(IterableOnce.scala:646)
	at scala.collection.IterableOnceOps.foldLeft$(IterableOnce.scala:642)
	at scala.collection.AbstractIterable.foldLeft(Iterable.scala:926)
	at Lexer.epsInchidere(Lexer.scala:15)
	at Lexer.$anonfun$epsInchidere$2(Lexer.scala:15)
	at scala.collection.IterableOnceOps.foldLeft(IterableOnce.scala:646)
	at scala.collection.IterableOnceOps.foldLeft$(IterableOnce.scala:642)
	at scala.collection.AbstractIterable.foldLeft(Iterable.scala:926)
	at Lexer.epsInchidere(Lexer.scala:15)
	at Lexer.$anonfun$epsInchidere$2(Lexer.scala:15)
	at scala.collection.IterableOnceOps.foldLeft(IterableOnce.scala:646)
	at scala.collection.IterableOnceOps.foldLeft$(IterableOnce.scala:642)
	at scala.collection.AbstractIterable.foldLeft(Iterable.scala:926)
	at Lexer.epsInchidere(Lexer.scala:15)
	at Lexer.$anonfun$epsInchidere$2(Lexer.scala:15)
	at scala.collection.IterableOnceOps.foldLeft(IterableOnce.scala:646)
	at scala.collection.IterableOnceOps.foldLeft$(IterableOnce.scala:642)
	at scala.collection.AbstractIterable.foldLeft(Iterable.scala:926)
	at Lexer.epsInchidere(Lexer.scala:15)
	at Lexer.$anonfun$epsInchidere$2(Lexer.scala:15)
	at scala.collection.IterableOnceOps.foldLeft(IterableOnce.scala:646)
	at scala.collection.IterableOnceOps.foldLeft$(IterableOnce.scala:642)
	at scala.collection.AbstractIterable.foldLeft(Iterable.scala:926)
	at Lexer.epsInchidere(Lexer.scala:15)
	at Lexer.$anonfun$epsInchidere$2(Lexer.scala:15)
	at scala.collection.IterableOnceOps.foldLeft(IterableOnce.scala:646)
	at scala.collection.IterableOnceOps.foldLeft$(IterableOnce.scala:642)
	at scala.collection.AbstractIterable.foldLeft(Iterable.scala:926)
	at Lexer.epsInchidere(Lexer.scala:15)
	at Lexer.$anonfun$epsInchidere$2(Lexer.scala:15)
	at scala.collection.IterableOnceOps.foldLeft(IterableOnce.scala:646)
	at scala.collection.IterableOnceOps.foldLeft$(IterableOnce.scala:642)
	at scala.collection.AbstractIterable.foldLeft(Iterable.scala:926)
	at Lexer.epsInchidere(Lexer.scala:15)
	at Lexer.$anonfun$epsInchidere$2(Lexer.scala:15)
	at scala.collection.IterableOnceOps.foldLeft(IterableOnce.scala:646)
	at scala.collection.IterableOnceOps.foldLeft$(IterableOnce.scala:642)
	at scala.collection.AbstractIterable.foldLeft(Iterable.scala:926)
	at Lexer.epsInchidere(Lexer.scala:15)
	at Lexer.$anonfun$epsInchidere$2(Lexer.scala:15)
	at scala.collection.IterableOnceOps.foldLeft(IterableOnce.scala:646)
	at scala.collection.IterableOnceOps.foldLeft$(IterableOnce.scala:642)
	at scala.collection.AbstractIterable.foldLeft(Iterable.scala:926)
	at Lexer.epsInchidere(Lexer.scala:15)
	at Lexer.$anonfun$epsInchidere$2(Lexer.scala:15)
	at scala.collection.IterableOnceOps.foldLeft(IterableOnce.scala:646)
	at scala.collection.IterableOnceOps.foldLeft$(IterableOnce.scala:642)
	at scala.collection.AbstractIterable.foldLeft(Iterable.scala:926)
	at Lexer.epsInchidere(Lexer.scala:15)
	at Lexer.$anonfun$epsInchidere$2(Lexer.scala:15)
	at scala.collection.IterableOnceOps.foldLeft(IterableOnce.scala:646)
	at scala.collection.IterableOnceOps.foldLeft$(IterableOnce.scala:642)
	at scala.collection.AbstractIterable.foldLeft(Iterable.scala:926)
	at Lexer.epsInchidere(Lexer.scala:15)
	at Lexer.$anonfun$epsInchidere$2(Lexer.scala:15)
	at scala.collection.IterableOnceOps.foldLeft(IterableOnce.scala:646)
	at scala.collection.IterableOnceOps.foldLeft$(IterableOnce.scala:642)
	at scala.collection.AbstractIterable.foldLeft(Iterable.scala:926)
	at Lexer.epsInchidere(Lexer.scala:15)
	at Lexer.$anonfun$epsInchidere$2(Lexer.scala:15)
	at scala.collection.IterableOnceOps.foldLeft(IterableOnce.scala:646)
	at scala.collection.IterableOnceOps.foldLeft$(IterableOnce.scala:642)
	at scala.collection.AbstractIterable.foldLeft(Iterable.scala:926)
	at Lexer.epsInchidere(Lexer.scala:15)
	at Lexer.$anonfun$epsInchidere$2(Lexer.scala:15)
	at scala.collection.IterableOnceOps.foldLeft(IterableOnce.scala:646)
	at scala.collection.IterableOnceOps.foldLeft$(IterableOnce.scala:642)
	at scala.collection.AbstractIterable.foldLeft(Iterable.scala:926)
	at Lexer.epsInchidere(Lexer.scala:15)
	at Lexer.$anonfun$epsInchidere$2(Lexer.scala:15)
	at scala.collection.IterableOnceOps.foldLeft(IterableOnce.scala:646)
	at scala.collection.IterableOnceOps.foldLeft$(IterableOnce.scala:642)
	at scala.collection.AbstractIterable.foldLeft(Iterable.scala:926)
	at Lexer.epsInchidere(Lexer.scala:15)
	at Lexer.$anonfun$epsInchidere$2(Lexer.scala:15)
	at scala.collection.IterableOnceOps.foldLeft(IterableOnce.scala:646)
	at scala.collection.IterableOnceOps.foldLeft$(IterableOnce.scala:642)
	at scala.collection.AbstractIterable.foldLeft(Iterable.scala:926)
	at Lexer.epsInchidere(Lexer.scala:15)
	at Lexer.$anonfun$epsInchidere$2(Lexer.scala:15)
	at scala.collection.IterableOnceOps.foldLeft(IterableOnce.scala:646)
	at scala.collection.IterableOnceOps.foldLeft$(IterableOnce.scala:642)
	at scala.collection.AbstractIterable.foldLeft(Iterable.scala:926)
	at Lexer.epsInchidere(Lexer.scala:15)
	at Lexer.$anonfun$epsInchidere$2(Lexer.scala:15)
	at scala.collection.IterableOnceOps.foldLeft(IterableOnce.scala:646)
	at scala.collection.IterableOnceOps.foldLeft$(IterableOnce.scala:642)
	at scala.collection.AbstractIterable.foldLeft(Iterable.scala:926)
	at Lexer.epsInchidere(Lexer.scala:15)
	at Lexer.$anonfun$epsInchidere$2(Lexer.scala:15)
	at scala.collection.IterableOnceOps.foldLeft(IterableOnce.scala:646)
	at scala.collection.IterableOnceOps.foldLeft$(IterableOnce.scala:642)
	at scala.collection.AbstractIterable.foldLeft(Iterable.scala:926)
	at Lexer.epsInchidere(Lexer.scala:15)
	at Lexer.$anonfun$epsInchidere$2(Lexer.scala:15)
	at scala.collection.IterableOnceOps.foldLeft(IterableOnce.scala:646)
	at scala.collection.IterableOnceOps.foldLeft$(IterableOnce.scala:642)
	at scala.collection.AbstractIterable.foldLeft(Iterable.scala:926)
	at Lexer.epsInchidere(Lexer.scala:15)
	at Lexer.$anonfun$epsInchidere$2(Lexer.scala:15)
	at scala.collection.IterableOnceOps.foldLeft(IterableOnce.scala:646)
	at scala.collection.IterableOnceOps.foldLeft$(IterableOnce.scala:642)
	at scala.collection.AbstractIterable.foldLeft(Iterable.scala:926)
	at Lexer.epsInchidere(Lexer.scala:15)
	at Lexer.$anonfun$epsInchidere$2(Lexer.scala:15)
	at scala.collection.IterableOnceOps.foldLeft(IterableOnce.scala:646)
	at scala.collection.IterableOnceOps.foldLeft$(IterableOnce.scala:642)
	at scala.collection.AbstractIterable.foldLeft(Iterable.scala:926)
	at Lexer.epsInchidere(Lexer.scala:15)
	at Lexer.$anonfun$epsInchidere$2(Lexer.scala:15)
	at scala.collection.IterableOnceOps.foldLeft(IterableOnce.scala:646)
	at scala.collection.IterableOnceOps.foldLeft$(IterableOnce.scala:642)
	at scala.collection.AbstractIterable.foldLeft(Iterable.scala:926)
	at Lexer.epsInchidere(Lexer.scala:15)
	at Lexer.$anonfun$epsInchidere$2(Lexer.scala:15)
	at scala.collection.IterableOnceOps.foldLeft(IterableOnce.scala:646)
	at scala.collection.IterableOnceOps.foldLeft$(IterableOnce.scala:642)
	at scala.collection.AbstractIterable.foldLeft(Iterable.scala:926)
	at Lexer.epsInchidere(Lexer.scala:15)
	at Lexer.$anonfun$epsInchidere$2(Lexer.scala:15)
	at scala.collection.IterableOnceOps.foldLeft(IterableOnce.scala:646)
	at scala.collection.IterableOnceOps.foldLeft$(IterableOnce.scala:642)
	at scala.collection.AbstractIterable.foldLeft(Iterable.scala:926)
	at Lexer.epsInchidere(Lexer.scala:15)
	at Lexer.$anonfun$epsInchidere$2(Lexer.scala:15)
	at scala.collection.IterableOnceOps.foldLeft(IterableOnce.scala:646)
	at scala.collection.IterableOnceOps.foldLeft$(IterableOnce.scala:642)
	at scala.collection.AbstractIterable.foldLeft(Iterable.scala:926)
	at Lexer.epsInchidere(Lexer.scala:15)
	at Lexer.$anonfun$epsInchidere$2(Lexer.scala:15)
	at scala.collection.IterableOnceOps.foldLeft(IterableOnce.scala:646)
	at scala.collection.IterableOnceOps.foldLeft$(IterableOnce.scala:642)
	at scala.collection.AbstractIterable.foldLeft(Iterable.scala:926)
	at Lexer.epsInchidere(Lexer.scala:15)
	at Lexer.$anonfun$epsInchidere$2(Lexer.scala:15)
	at scala.collection.IterableOnceOps.foldLeft(IterableOnce.scala:646)
	at scala.collection.IterableOnceOps.foldLeft$(IterableOnce.scala:642)
	at scala.collection.AbstractIterable.foldLeft(Iterable.scala:926)
	at Lexer.epsInchidere(Lexer.scala:15)
	at Lexer.$anonfun$epsInchidere$2(Lexer.scala:15)
	at scala.collection.IterableOnceOps.foldLeft(IterableOnce.scala:646)
	at scala.collection.IterableOnceOps.foldLeft$(IterableOnce.scala:642)
	at scala.collection.AbstractIterable.foldLeft(Iterable.scala:926)
	at Lexer.epsInchidere(Lexer.scala:15)
	at Lexer.$anonfun$epsInchidere$2(Lexer.scala:15)
	at scala.collection.IterableOnceOps.foldLeft(IterableOnce.scala:646)
	at scala.collection.IterableOnceOps.foldLeft$(IterableOnce.scala:642)
	at scala.collection.AbstractIterable.foldLeft(Iterable.scala:926)
	at Lexer.epsInchidere(Lexer.scala:15)
	at Lexer.$anonfun$epsInchidere$2(Lexer.scala:15)
	at scala.collection.IterableOnceOps.foldLeft(IterableOnce.scala:646)
	at scala.collection.IterableOnceOps.foldLeft$(IterableOnce.scala:642)
	at scala.collection.AbstractIterable.foldLeft(Iterable.scala:926)
	at Lexer.epsInchidere(Lexer.scala:15)
	at Lexer.$anonfun$epsInchidere$2(Lexer.scala:15)
	at scala.collection.IterableOnceOps.foldLeft(IterableOnce.scala:646)
	at scala.collection.IterableOnceOps.foldLeft$(IterableOnce.scala:642)
	at scala.collection.AbstractIterable.foldLeft(Iterable.scala:926)
	at Lexer.epsInchidere(Lexer.scala:15)
	at Lexer.$anonfun$epsInchidere$2(Lexer.scala:15)
	at scala.collection.IterableOnceOps.foldLeft(IterableOnce.scala:646)
	at scala.collection.IterableOnceOps.foldLeft$(IterableOnce.scala:642)
	at scala.collection.AbstractIterable.foldLeft(Iterable.scala:926)
	at Lexer.epsInchidere(Lexer.scala:15)
	at Lexer.$anonfun$epsInchidere$2(Lexer.scala:15)
	at scala.collection.IterableOnceOps.foldLeft(IterableOnce.scala:646)
	at scala.collection.IterableOnceOps.foldLeft$(IterableOnce.scala:642)
	at scala.collection.AbstractIterable.foldLeft(Iterable.scala:926)
	at Lexer.epsInchidere(Lexer.scala:15)
	at Lexer.$anonfun$epsInchidere$2(Lexer.scala:15)
	at scala.collection.IterableOnceOps.foldLeft(IterableOnce.scala:646)
	at scala.collection.IterableOnceOps.foldLeft$(IterableOnce.scala:642)
	at scala.collection.AbstractIterable.foldLeft(Iterable.scala:926)
	at Lexer.epsInchidere(Lexer.scala:15)
	at Lexer.$anonfun$epsInchidere$2(Lexer.scala:15)
	at scala.collection.IterableOnceOps.foldLeft(IterableOnce.scala:646)
	at scala.collection.IterableOnceOps.foldLeft$(IterableOnce.scala:642)
	at scala.collection.AbstractIterable.foldLeft(Iterable.scala:926)
	at Lexer.epsInchidere(Lexer.scala:15)
	at Lexer.$anonfun$epsInchidere$2(Lexer.scala:15)
	at scala.collection.IterableOnceOps.foldLeft(IterableOnce.scala:646)
	at scala.collection.IterableOnceOps.foldLeft$(IterableOnce.scala:642)
	at scala.collection.AbstractIterable.foldLeft(Iterable.scala:926)
	at Lexer.epsInchidere(Lexer.scala:15)
	at Lexer.$anonfun$epsInchidere$2(Lexer.scala:15)
	at scala.collection.IterableOnceOps.foldLeft(IterableOnce.scala:646)
	at scala.collection.IterableOnceOps.foldLeft$(IterableOnce.scala:642)
	at scala.collection.AbstractIterable.foldLeft(Iterable.scala:926)
	at Lexer.epsInchidere(Lexer.scala:15)
	at Lexer.$anonfun$epsInchidere$2(Lexer.scala:15)
	at scala.collection.IterableOnceOps.foldLeft(IterableOnce.scala:646)
	at scala.collection.IterableOnceOps.foldLeft$(IterableOnce.scala:642)
	at scala.collection.AbstractIterable.foldLeft(Iterable.scala:926)
	at Lexer.epsInchidere(Lexer.scala:15)
	at Lexer.$anonfun$epsInchidere$2(Lexer.scala:15)
	at scala.collection.IterableOnceOps.foldLeft(IterableOnce.scala:646)
	at scala.collection.IterableOnceOps.foldLeft$(IterableOnce.scala:642)
	at scala.collection.AbstractIterable.foldLeft(Iterable.scala:926)
	at Lexer.epsInchidere(Lexer.scala:15)
	at Lexer.$anonfun$epsInchidere$2(Lexer.scala:15)
	at scala.collection.IterableOnceOps.foldLeft(IterableOnce.scala:646)
	at scala.collection.IterableOnceOps.foldLeft$(IterableOnce.scala:642)
	at scala.collection.AbstractIterable.foldLeft(Iterable.scala:926)
	at Lexer.epsInchidere(Lexer.scala:15)
	at Lexer.$anonfun$epsInchidere$2(Lexer.scala:15)
	at scala.collection.IterableOnceOps.foldLeft(IterableOnce.scala:646)
	at scala.collection.IterableOnceOps.foldLeft$(IterableOnce.scala:642)
	at scala.collection.AbstractIterable.foldLeft(Iterable.scala:926)
	at Lexer.epsInchidere(Lexer.scala:15)
	at Lexer.$anonfun$epsInchidere$2(Lexer.scala:15)
	at scala.collection.IterableOnceOps.foldLeft(IterableOnce.scala:646)
	at scala.collection.IterableOnceOps.foldLeft$(IterableOnce.scala:642)
	at scala.collection.AbstractIterable.foldLeft(Iterable.scala:926)
	at Lexer.epsInchidere(Lexer.scala:15)
	at Lexer.$anonfun$epsInchidere$2(Lexer.scala:15)
	at scala.collection.IterableOnceOps.foldLeft(IterableOnce.scala:646)
	at scala.collection.IterableOnceOps.foldLeft$(IterableOnce.scala:642)
	at scala.collection.AbstractIterable.foldLeft(Iterable.scala:926)
	at Lexer.epsInchidere(Lexer.scala:15)
	at Lexer.$anonfun$epsInchidere$2(Lexer.scala:15)
	at scala.collection.IterableOnceOps.foldLeft(IterableOnce.scala:646)
	at scala.collection.IterableOnceOps.foldLeft$(IterableOnce.scala:642)
	at scala.collection.AbstractIterable.foldLeft(Iterable.scala:926)
	at Lexer.epsInchidere(Lexer.scala:15)
	at Lexer.$anonfun$epsInchidere$2(Lexer.scala:15)
	at scala.collection.IterableOnceOps.foldLeft(IterableOnce.scala:646)
	at scala.collection.IterableOnceOps.foldLeft$(IterableOnce.scala:642)
	at scala.collection.AbstractIterable.foldLeft(Iterable.scala:926)
	at Lexer.epsInchidere(Lexer.scala:15)
	at Lexer.$anonfun$epsInchidere$2(Lexer.scala:15)
	at scala.collection.IterableOnceOps.foldLeft(IterableOnce.scala:646)
	at scala.collection.IterableOnceOps.foldLeft$(IterableOnce.scala:642)
	at scala.collection.AbstractIterable.foldLeft(Iterable.scala:926)
	at Lexer.epsInchidere(Lexer.scala:15)
	at Lexer.$anonfun$epsInchidere$2(Lexer.scala:15)
	at scala.collection.IterableOnceOps.foldLeft(IterableOnce.scala:646)
	at scala.collection.IterableOnceOps.foldLeft$(IterableOnce.scala:642)
	at scala.collection.AbstractIterable.foldLeft(Iterable.scala:926)
	at Lexer.epsInchidere(Lexer.scala:15)
	at Lexer.$anonfun$epsInchidere$2(Lexer.scala:15)
	at scala.collection.IterableOnceOps.foldLeft(IterableOnce.scala:646)
	at scala.collection.IterableOnceOps.foldLeft$(IterableOnce.scala:642)
	at scala.collection.AbstractIterable.foldLeft(Iterable.scala:926)
	at Lexer.epsInchidere(Lexer.scala:15)
	at Lexer.$anonfun$epsInchidere$2(Lexer.scala:15)
	at scala.collection.IterableOnceOps.foldLeft(IterableOnce.scala:646)
	at scala.collection.IterableOnceOps.foldLeft$(IterableOnce.scala:642)
	at scala.collection.AbstractIterable.foldLeft(Iterable.scala:926)
	at Lexer.epsInchidere(Lexer.scala:15)
	at Lexer.$anonfun$epsInchidere$2(Lexer.scala:15)
	at scala.collection.IterableOnceOps.foldLeft(IterableOnce.scala:646)
	at scala.collection.IterableOnceOps.foldLeft$(IterableOnce.scala:642)
	at scala.collection.AbstractIterable.foldLeft(Iterable.scala:926)
	at Lexer.epsInchidere(Lexer.scala:15)
	at Lexer.$anonfun$epsInchidere$2(Lexer.scala:15)
	at scala.collection.IterableOnceOps.foldLeft(IterableOnce.scala:646)
	at scala.collection.IterableOnceOps.foldLeft$(IterableOnce.scala:642)
	at scala.collection.AbstractIterable.foldLeft(Iterable.scala:926)
	at Lexer.epsInchidere(Lexer.scala:15)
	at Lexer.$anonfun$epsInchidere$2(Lexer.scala:15)
	at scala.collection.IterableOnceOps.foldLeft(IterableOnce.scala:646)
	at scala.collection.IterableOnceOps.foldLeft$(IterableOnce.scala:642)
	at scala.collection.AbstractIterable.foldLeft(Iterable.scala:926)
	at Lexer.epsInchidere(Lexer.scala:15)
	at Lexer.$anonfun$epsInchidere$2(Lexer.scala:15)
	at scala.collection.IterableOnceOps.foldLeft(IterableOnce.scala:646)
	at scala.collection.IterableOnceOps.foldLeft$(IterableOnce.scala:642)
	at scala.collection.AbstractIterable.foldLeft(Iterable.scala:926)
	at Lexer.epsInchidere(Lexer.scala:15)
	at Lexer.$anonfun$epsInchidere$2(Lexer.scala:15)
	at scala.collection.IterableOnceOps.foldLeft(IterableOnce.scala:646)
	at scala.collection.IterableOnceOps.foldLeft$(IterableOnce.scala:642)
	at scala.collection.AbstractIterable.foldLeft(Iterable.scala:926)
	at Lexer.epsInchidere(Lexer.scala:15)
	at Lexer.$anonfun$epsInchidere$2(Lexer.scala:15)
	at scala.collection.IterableOnceOps.foldLeft(IterableOnce.scala:646)
	at scala.collection.IterableOnceOps.foldLeft$(IterableOnce.scala:642)
	at scala.collection.AbstractIterable.foldLeft(Iterable.scala:926)
	at Lexer.epsInchidere(Lexer.scala:15)
	at Lexer.$anonfun$epsInchidere$2(Lexer.scala:15)
	at scala.collection.IterableOnceOps.foldLeft(IterableOnce.scala:646)
	at scala.collection.IterableOnceOps.foldLeft$(IterableOnce.scala:642)
	at scala.collection.AbstractIterable.foldLeft(Iterable.scala:926)
	at Lexer.epsInchidere(Lexer.scala:15)
	at Lexer.$anonfun$epsInchidere$2(Lexer.scala:15)
	at scala.collection.IterableOnceOps.foldLeft(IterableOnce.scala:646)
	at scala.collection.IterableOnceOps.foldLeft$(IterableOnce.scala:642)
	at scala.collection.AbstractIterable.foldLeft(Iterable.scala:926)
	at Lexer.epsInchidere(Lexer.scala:15)
	at Lexer.$anonfun$epsInchidere$2(Lexer.scala:15)
	at scala.collection.IterableOnceOps.foldLeft(IterableOnce.scala:646)
	at scala.collection.IterableOnceOps.foldLeft$(IterableOnce.scala:642)
	at scala.collection.AbstractIterable.foldLeft(Iterable.scala:926)
	at Lexer.epsInchidere(Lexer.scala:15)
	at Lexer.$anonfun$epsInchidere$2(Lexer.scala:15)
	at scala.collection.IterableOnceOps.foldLeft(IterableOnce.scala:646)
	at scala.collection.IterableOnceOps.foldLeft$(IterableOnce.scala:642)
	at scala.collection.AbstractIterable.foldLeft(Iterable.scala:926)
	at Lexer.epsInchidere(Lexer.scala:15)
	at Lexer.$anonfun$epsInchidere$2(Lexer.scala:15)
	at scala.collection.IterableOnceOps.foldLeft(IterableOnce.scala:646)
	at scala.collection.IterableOnceOps.foldLeft$(IterableOnce.scala:642)
	at scala.collection.AbstractIterable.foldLeft(Iterable.scala:926)
	at Lexer.epsInchidere(Lexer.scala:15)
	at Lexer.$anonfun$epsInchidere$2(Lexer.scala:15)
	at scala.collection.IterableOnceOps.foldLeft(IterableOnce.scala:646)
</failure>
                    </testcase>
          <system-out><![CDATA[]]></system-out>
          <system-err><![CDATA[]]></system-err>
        </testsuite>