<?xml version='1.0' encoding='UTF-8'?>
<testsuite hostname="MSI" name="NfaTests" tests="16" errors="0" failures="0" skipped="0" time="0.2" timestamp="2023-04-29T22:06:02">
          <properties>
[...]
</properties>
          <testcase classname="NfaTests" name="Nfa from Eps" time="0.094">
                      
                    </testcase><testcase classname="NfaTests" name="Nfa from Void" time="0.002">
                      
                    </testcase><testcase classname="NfaTests" name="Nfa from char" time="0.002">
                      
                    </testcase><testcase classname="NfaTests" name="Nfa from complex expression 1" time="0.007">
                      
                    </testcase><testcase classname="NfaTests" name="Nfa from complex expression 1 with bad input" time="0.003">
                      
                    </testcase><testcase classname="NfaTests" name="Nfa from complex expression 2" time="0.003">
                      
                    </testcase><testcase classname="NfaTests" name="Nfa from complex expression 2 with bad input" time="0.004">
                      
                    </testcase><testcase classname="NfaTests" name="Nfa from star expression 1" time="0.006">
                      
                    </testcase><testcase classname="NfaTests" name="Nfa from star expression with bad string" time="0.002">
                      
                    </testcase><testcase classname="NfaTests" name="Nfa from complex expression 3" time="0.003">
                      
                    </testcase><testcase classname="NfaTests" name="Nfa from complex expression 4" time="0.003">
                      
                    </testcase><testcase classname="NfaTests" name="Nfa from complex expression 5 and bad input" time="0.002">
                      
                    </testcase><testcase classname="NfaTests" name="Nfa from complex expression 5" time="0.004">
                      
                    </testcase><testcase classname="NfaTests" name="Nfa from complex expression 6" time="0.007">
                      
                    </testcase><testcase classname="NfaTests" name="Nfa from complex expression 7" time="0.002">
                      
                    </testcase><testcase classname="NfaTests" name="Nfa map" time="0.056">
                      
                    </testcase>
          <system-out><![CDATA[]]></system-out>
          <system-err><![CDATA[]]></system-err>
        </testsuite>